<?xml version="1.0" encoding="UTF-8"?>
<!-- Generated by org.testng.reporters.JUnitReportReporter -->
<testsuite hostname="UG9UELOAJRKP38W" name="com.plam.mavenlearn.WebTest1" tests="2" failures="0" timestamp="3 May 2015 12:19:52 GMT" time="59.344" errors="0">
  <testcase name="testWeb" time="39.859" classname="com.plam.mavenlearn.WebTest1"/>
  <testcase name="initalAppiumSettings" time="19.485" classname="com.plam.mavenlearn.WebTest1"/>
</testsuite> <!-- com.plam.mavenlearn.WebTest1 -->
