<?xml version="1.0" encoding="UTF-8"?>
<!-- Generated by org.testng.reporters.JUnitReportReporter -->
<testsuite hostname="UG9UELOAJRKP38W" name="com.plam.mavenlearn.AppTest" tests="1" failures="0" timestamp="3 May 2015 12:21:15 GMT" time="7.005" errors="0">
  <testcase name="testCalculator" time="7.005" classname="com.plam.mavenlearn.AppTest"/>
</testsuite> <!-- com.plam.mavenlearn.AppTest -->
